#
# There is insufficient memory for the Java Runtime Environment to continue.
# Native memory allocation (malloc) failed to allocate 915056 bytes for Chunk::new
# Possible reasons:
#   The system is out of physical RAM or swap space
#   In 32 bit mode, the process size limit was hit
# Possible solutions:
#   Reduce memory load on the system
#   Increase physical memory or swap space
#   Check if swap backing store is full
#   Use 64 bit Java on a 64 bit OS
#   Decrease Java heap size (-Xmx/-Xms)
#   Decrease number of Java threads
#   Decrease Java thread stack sizes (-Xss)
#   Set larger code cache with -XX:ReservedCodeCacheSize=
# This output file may be truncated or incomplete.
#
#  Out of Memory Error (allocation.cpp:390), pid=8680, tid=0x0000000000001450
#
# JRE version: Java(TM) SE Runtime Environment (8.0_131-b11) (build 1.8.0_131-b11)
# Java VM: Java HotSpot(TM) 64-Bit Server VM (25.131-b11 mixed mode windows-amd64 compressed oops)
# Failed to write core dump. Minidumps are not enabled by default on client versions of Windows
#

---------------  T H R E A D  ---------------

Current thread (0x000000001786d800):  JavaThread "C2 CompilerThread1" daemon [_thread_in_native, id=5200, stack(0x0000000019360000,0x0000000019460000)]

Stack: [0x0000000019360000,0x0000000019460000]
[error occurred during error reporting (printing stack bounds), id 0xc0000005]

Native frames: (J=compiled Java code, j=interpreted, Vv=VM code, C=native code)


Current CompileTask:
C2:   8453 4207   !   4       org.springframework.core.annotation.AnnotationUtils::findAnnotation (171 bytes)


---------------  P R O C E S S  ---------------

Java Threads: ( => current thread )
  0x000000001ccb6000 JavaThread "Druid-ConnectionPool-Destroy-1048444228" daemon [_thread_blocked, id=19416, stack(0x0000000020930000,0x0000000020a30000)]
  0x000000001ccb5000 JavaThread "Druid-ConnectionPool-Create-1048444228" daemon [_thread_blocked, id=18044, stack(0x0000000020830000,0x0000000020930000)]
  0x000000001ccb7800 JavaThread "mysql-cj-abandoned-connection-cleanup" daemon [_thread_blocked, id=20120, stack(0x000000001f620000,0x000000001f720000)]
  0x0000000018c1b800 JavaThread "Service Thread" daemon [_thread_blocked, id=1868, stack(0x0000000019560000,0x0000000019660000)]
  0x0000000018bf2000 JavaThread "C1 CompilerThread2" daemon [_thread_blocked, id=18720, stack(0x0000000019460000,0x0000000019560000)]
=>0x000000001786d800 JavaThread "C2 CompilerThread1" daemon [_thread_in_native, id=5200, stack(0x0000000019360000,0x0000000019460000)]
  0x000000001785f800 JavaThread "C2 CompilerThread0" daemon [_thread_in_native, id=17068, stack(0x0000000019260000,0x0000000019360000)]
  0x0000000017845000 JavaThread "Monitor Ctrl-Break" daemon [_thread_in_native, id=10260, stack(0x0000000019160000,0x0000000019260000)]
  0x0000000017823000 JavaThread "Attach Listener" daemon [_thread_blocked, id=18908, stack(0x0000000019060000,0x0000000019160000)]
  0x0000000018ba3800 JavaThread "Signal Dispatcher" daemon [_thread_blocked, id=9128, stack(0x0000000018f60000,0x0000000019060000)]
  0x00000000177fa800 JavaThread "Finalizer" daemon [_thread_blocked, id=16400, stack(0x0000000018a60000,0x0000000018b60000)]
  0x0000000002a96800 JavaThread "Reference Handler" daemon [_thread_blocked, id=10172, stack(0x0000000018960000,0x0000000018a60000)]
  0x00000000029a7000 JavaThread "main" [_thread_in_native, id=18944, stack(0x00000000028a0000,0x00000000029a0000)]

Other Threads:
  0x00000000177d8800 VMThread [stack: 0x0000000018860000,0x0000000018960000] [id=13228]
  0x0000000018cb1800 WatcherThread [stack: 0x0000000019660000,0x0000000019760000] [id=17216]

VM state:not at safepoint (normal execution)

VM Mutex/Monitor currently owned by a thread: None

Heap:
 PSYoungGen      total 242688K, used 104254K [0x00000000d5c00000, 0x00000000e5c00000, 0x0000000100000000)
  eden space 227840K, 39% used [0x00000000d5c00000,0x00000000db3f8fd8,0x00000000e3a80000)
  from space 14848K, 95% used [0x00000000e4a80000,0x00000000e5856b90,0x00000000e5900000)
  to   space 16384K, 0% used [0x00000000e3a80000,0x00000000e3a80000,0x00000000e4a80000)
 ParOldGen       total 51712K, used 17624K [0x0000000081400000, 0x0000000084680000, 0x00000000d5c00000)
  object space 51712K, 34% used [0x0000000081400000,0x0000000082536280,0x0000000084680000)
 Metaspace       used 54689K, capacity 57186K, committed 57392K, reserved 1099776K
  class space    used 7508K, capacity 7931K, committed 7984K, reserved 1048576K

Card table byte_map: [0x0000000012060000,0x0000000012460000] byte_map_base: 0x0000000011c56000

Marking Bits: (ParMarkBitMap*) 0x000000005d73c720
 Begin Bits: [0x0000000012b10000, 0x0000000014ac0000)
 End Bits:   [0x0000000014ac0000, 0x0000000016a70000)

Polling page: 0x0000000000830000

CodeCache: size=245760Kb used=15395Kb max_used=16016Kb free=230364Kb
 bounds [0x0000000002ca0000, 0x0000000003c50000, 0x0000000011ca0000]
 total_blobs=4489 nmethods=3957 adapters=444
 compilation: enabled

Compilation events (10 events):
Event: 8.415 Thread 0x0000000018bf2000 4411       1       java.util.Calendar::getFirstDayOfWeek (5 bytes)
Event: 8.415 Thread 0x0000000018bf2000 nmethod 4411 0x0000000002eb0590 code [0x0000000002eb06e0, 0x0000000002eb07f0]
Event: 8.415 Thread 0x0000000018bf2000 4412       1       java.util.Calendar::getMinimalDaysInFirstWeek (5 bytes)
Event: 8.415 Thread 0x0000000018bf2000 nmethod 4412 0x0000000002eb02d0 code [0x0000000002eb0420, 0x0000000002eb0530]
Event: 8.416 Thread 0x0000000018bf2000 4413       2       org.springframework.core.ResolvableType$WildcardBounds::get (134 bytes)
Event: 8.416 Thread 0x0000000018bf2000 nmethod 4413 0x0000000002eaf710 code [0x0000000002eaf8e0, 0x0000000002eafeb8]
Event: 8.434 Thread 0x0000000018bf2000 4414       2       sun.reflect.AccessorGenerator::getClassName (184 bytes)
Event: 8.435 Thread 0x0000000018bf2000 nmethod 4414 0x0000000002ff1590 code [0x0000000002ff1800, 0x0000000002ff2118]
Event: 8.437 Thread 0x0000000018bf2000 4415       2       com.intellij.rt.execution.junit.MapSerializerUtil$1::escape (124 bytes)
Event: 8.437 Thread 0x0000000018bf2000 nmethod 4415 0x0000000002eaf290 code [0x0000000002eaf400, 0x0000000002eaf670]

GC Heap History (10 events):
Event: 4.102 GC heap before
{Heap before GC invocations=8 (full 1):
 PSYoungGen      total 115200K, used 115043K [0x00000000d5c00000, 0x00000000dea00000, 0x0000000100000000)
  eden space 111104K, 100% used [0x00000000d5c00000,0x00000000dc880000,0x00000000dc880000)
  from space 4096K, 96% used [0x00000000de600000,0x00000000de9d8c48,0x00000000dea00000)
  to   space 8704K, 0% used [0x00000000dd900000,0x00000000dd900000,0x00000000de180000)
 ParOldGen       total 51712K, used 5804K [0x0000000081400000, 0x0000000084680000, 0x00000000d5c00000)
  object space 51712K, 11% used [0x0000000081400000,0x00000000819ab090,0x0000000084680000)
 Metaspace       used 30601K, capacity 31748K, committed 31920K, reserved 1077248K
  class space    used 3953K, capacity 4196K, committed 4272K, reserved 1048576K
Event: 4.111 GC heap after
Heap after GC invocations=8 (full 1):
 PSYoungGen      total 136704K, used 8696K [0x00000000d5c00000, 0x00000000e2180000, 0x0000000100000000)
  eden space 128000K, 0% used [0x00000000d5c00000,0x00000000d5c00000,0x00000000dd900000)
  from space 8704K, 99% used [0x00000000dd900000,0x00000000de17e3a8,0x00000000de180000)
  to   space 10752K, 0% used [0x00000000e1700000,0x00000000e1700000,0x00000000e2180000)
 ParOldGen       total 51712K, used 8186K [0x0000000081400000, 0x0000000084680000, 0x00000000d5c00000)
  object space 51712K, 15% used [0x0000000081400000,0x0000000081bfeba0,0x0000000084680000)
 Metaspace       used 30601K, capacity 31748K, committed 31920K, reserved 1077248K
  class space    used 3953K, capacity 4196K, committed 4272K, reserved 1048576K
}
Event: 4.632 GC heap before
{Heap before GC invocations=9 (full 1):
 PSYoungGen      total 136704K, used 73727K [0x00000000d5c00000, 0x00000000e2180000, 0x0000000100000000)
  eden space 128000K, 50% used [0x00000000d5c00000,0x00000000d9b81c18,0x00000000dd900000)
  from space 8704K, 99% used [0x00000000dd900000,0x00000000de17e3a8,0x00000000de180000)
  to   space 10752K, 0% used [0x00000000e1700000,0x00000000e1700000,0x00000000e2180000)
 ParOldGen       total 51712K, used 8186K [0x0000000081400000, 0x0000000084680000, 0x00000000d5c00000)
  object space 51712K, 15% used [0x0000000081400000,0x0000000081bfeba0,0x0000000084680000)
 Metaspace       used 34079K, capacity 35330K, committed 35496K, reserved 1081344K
  class space    used 4307K, capacity 4569K, committed 4656K, reserved 1048576K
Event: 4.648 GC heap after
Heap after GC invocations=9 (full 1):
 PSYoungGen      total 189952K, used 10440K [0x00000000d5c00000, 0x00000000e4200000, 0x0000000100000000)
  eden space 179200K, 0% used [0x00000000d5c00000,0x00000000d5c00000,0x00000000e0b00000)
  from space 10752K, 97% used [0x00000000e1700000,0x00000000e2132060,0x00000000e2180000)
  to   space 12288K, 0% used [0x00000000e0b00000,0x00000000e0b00000,0x00000000e1700000)
 ParOldGen       total 51712K, used 8194K [0x0000000081400000, 0x0000000084680000, 0x00000000d5c00000)
  object space 51712K, 15% used [0x0000000081400000,0x0000000081c00ba0,0x0000000084680000)
 Metaspace       used 34079K, capacity 35330K, committed 35496K, reserved 1081344K
  class space    used 4307K, capacity 4569K, committed 4656K, reserved 1048576K
}
Event: 4.648 GC heap before
{Heap before GC invocations=10 (full 2):
 PSYoungGen      total 189952K, used 10440K [0x00000000d5c00000, 0x00000000e4200000, 0x0000000100000000)
  eden space 179200K, 0% used [0x00000000d5c00000,0x00000000d5c00000,0x00000000e0b00000)
  from space 10752K, 97% used [0x00000000e1700000,0x00000000e2132060,0x00000000e2180000)
  to   space 12288K, 0% used [0x00000000e0b00000,0x00000000e0b00000,0x00000000e1700000)
 ParOldGen       total 51712K, used 8194K [0x0000000081400000, 0x0000000084680000, 0x00000000d5c00000)
  object space 51712K, 15% used [0x0000000081400000,0x0000000081c00ba0,0x0000000084680000)
 Metaspace       used 34079K, capacity 35330K, committed 35496K, reserved 1081344K
  class space    used 4307K, capacity 4569K, committed 4656K, reserved 1048576K
Event: 4.730 GC heap after
Heap after GC invocations=10 (full 2):
 PSYoungGen      total 189952K, used 0K [0x00000000d5c00000, 0x00000000e4200000, 0x0000000100000000)
  eden space 179200K, 0% used [0x00000000d5c00000,0x00000000d5c00000,0x00000000e0b00000)
  from space 10752K, 0% used [0x00000000e1700000,0x00000000e1700000,0x00000000e2180000)
  to   space 12288K, 0% used [0x00000000e0b00000,0x00000000e0b00000,0x00000000e1700000)
 ParOldGen       total 51712K, used 14889K [0x0000000081400000, 0x0000000084680000, 0x00000000d5c00000)
  object space 51712K, 28% used [0x0000000081400000,0x000000008228a4e0,0x0000000084680000)
 Metaspace       used 34079K, capacity 35330K, committed 35496K, reserved 1081344K
  class space    used 4307K, capacity 4569K, committed 4656K, reserved 1048576K
}
Event: 6.434 GC heap before
{Heap before GC invocations=11 (full 2):
 PSYoungGen      total 189952K, used 179200K [0x00000000d5c00000, 0x00000000e4200000, 0x0000000100000000)
  eden space 179200K, 100% used [0x00000000d5c00000,0x00000000e0b00000,0x00000000e0b00000)
  from space 10752K, 0% used [0x00000000e1700000,0x00000000e1700000,0x00000000e2180000)
  to   space 12288K, 0% used [0x00000000e0b00000,0x00000000e0b00000,0x00000000e1700000)
 ParOldGen       total 51712K, used 14889K [0x0000000081400000, 0x0000000084680000, 0x00000000d5c00000)
  object space 51712K, 28% used [0x0000000081400000,0x000000008228a4e0,0x0000000084680000)
 Metaspace       used 47569K, capacity 48936K, committed 49328K, reserved 1091584K
  class space    used 6491K, capacity 6796K, committed 6832K, reserved 1048576K
Event: 6.449 GC heap after
Heap after GC invocations=11 (full 2):
 PSYoungGen      total 191488K, used 12263K [0x00000000d5c00000, 0x00000000e5900000, 0x0000000100000000)
  eden space 179200K, 0% used [0x00000000d5c00000,0x00000000d5c00000,0x00000000e0b00000)
  from space 12288K, 99% used [0x00000000e0b00000,0x00000000e16f9c48,0x00000000e1700000)
  to   space 14848K, 0% used [0x00000000e4a80000,0x00000000e4a80000,0x00000000e5900000)
 ParOldGen       total 51712K, used 17616K [0x0000000081400000, 0x0000000084680000, 0x00000000d5c00000)
  object space 51712K, 34% used [0x0000000081400000,0x0000000082534280,0x0000000084680000)
 Metaspace       used 47569K, capacity 48936K, committed 49328K, reserved 1091584K
  class space    used 6491K, capacity 6796K, committed 6832K, reserved 1048576K
}
Event: 7.703 GC heap before
{Heap before GC invocations=12 (full 2):
 PSYoungGen      total 191488K, used 191463K [0x00000000d5c00000, 0x00000000e5900000, 0x0000000100000000)
  eden space 179200K, 100% used [0x00000000d5c00000,0x00000000e0b00000,0x00000000e0b00000)
  from space 12288K, 99% used [0x00000000e0b00000,0x00000000e16f9c48,0x00000000e1700000)
  to   space 14848K, 0% used [0x00000000e4a80000,0x00000000e4a80000,0x00000000e5900000)
 ParOldGen       total 51712K, used 17616K [0x0000000081400000, 0x0000000084680000, 0x00000000d5c00000)
  object space 51712K, 34% used [0x0000000081400000,0x0000000082534280,0x0000000084680000)
 Metaspace       used 53306K, capacity 55602K, committed 55856K, reserved 1097728K
  class space    used 7309K, capacity 7707K, committed 7728K, reserved 1048576K
Event: 7.728 GC heap after
Heap after GC invocations=12 (full 2):
 PSYoungGen      total 242688K, used 14170K [0x00000000d5c00000, 0x00000000e5c00000, 0x0000000100000000)
  eden space 227840K, 0% used [0x00000000d5c00000,0x00000000d5c00000,0x00000000e3a80000)
  from space 14848K, 95% used [0x00000000e4a80000,0x00000000e5856b90,0x00000000e5900000)
  to   space 16384K, 0% used [0x00000000e3a80000,0x00000000e3a80000,0x00000000e4a80000)
 ParOldGen       total 51712K, used 17624K [0x0000000081400000, 0x0000000084680000, 0x00000000d5c00000)
  object space 51712K, 34% used [0x0000000081400000,0x0000000082536280,0x0000000084680000)
 Metaspace       used 53306K, capacity 55602K, committed 55856K, reserved 1097728K
  class space    used 7309K, capacity 7707K, committed 7728K, reserved 1048576K
}

Deoptimization events (10 events):
Event: 7.310 Thread 0x00000000029a7000 Uncommon trap: reason=null_check action=make_not_entrant pc=0x0000000002e39744 method=org.springframework.core.annotation.AnnotatedElementUtils.searchWithGetSemanticsInAnnotations(Ljava/lang/reflect/AnnotatedElement;Ljava/util/List;Ljava/util/Set;Ljava/la
Event: 7.444 Thread 0x00000000029a7000 Uncommon trap: reason=unstable_if action=reinterpret pc=0x000000000392b518 method=java.util.concurrent.ConcurrentHashMap.putVal(Ljava/lang/Object;Ljava/lang/Object;Z)Ljava/lang/Object; @ 331
Event: 7.445 Thread 0x00000000029a7000 Uncommon trap: reason=unstable_if action=reinterpret pc=0x0000000003b5ab2c method=java.util.concurrent.ConcurrentHashMap.get(Ljava/lang/Object;)Ljava/lang/Object; @ 86
Event: 7.674 Thread 0x00000000029a7000 Uncommon trap: reason=unstable_if action=reinterpret pc=0x0000000003109530 method=java.util.concurrent.ConcurrentHashMap.transfer([Ljava/util/concurrent/ConcurrentHashMap$Node;[Ljava/util/concurrent/ConcurrentHashMap$Node;)V @ 356
Event: 7.674 Thread 0x00000000029a7000 Uncommon trap: reason=unstable_if action=reinterpret pc=0x0000000003097fb0 method=java.util.concurrent.ConcurrentHashMap.transfer([Ljava/util/concurrent/ConcurrentHashMap$Node;[Ljava/util/concurrent/ConcurrentHashMap$Node;)V @ 356
Event: 7.729 Thread 0x00000000029a7000 Uncommon trap: reason=unstable_if action=reinterpret pc=0x0000000003c3733c method=org.springframework.beans.factory.support.AbstractBeanFactory.isTypeMatch(Ljava/lang/String;Lorg/springframework/core/ResolvableType;)Z @ 26
Event: 7.889 Thread 0x00000000029a7000 Uncommon trap: reason=null_check action=make_not_entrant pc=0x00000000037c03d8 method=org.springframework.util.ClassUtils.isAssignable(Ljava/lang/Class;Ljava/lang/Class;)Z @ 14
Event: 8.388 Thread 0x00000000029a7000 Uncommon trap: reason=class_check action=maybe_recompile pc=0x00000000035d347c method=org.springframework.core.annotation.AnnotatedElementUtils.searchWithGetSemanticsInAnnotations(Ljava/lang/reflect/AnnotatedElement;Ljava/util/List;Ljava/util/Set;Ljava/la
Event: 8.389 Thread 0x00000000029a7000 Uncommon trap: reason=unstable_if action=reinterpret pc=0x00000000035d2e2c method=org.springframework.core.annotation.AnnotatedElementUtils.searchWithGetSemanticsInAnnotations(Ljava/lang/reflect/AnnotatedElement;Ljava/util/List;Ljava/util/Set;Ljava/lang/S
Event: 8.409 Thread 0x00000000029a7000 Uncommon trap: reason=unstable_if action=reinterpret pc=0x0000000003771954 method=org.springframework.util.ConcurrentReferenceHashMap$Segment.clear()V @ 4

Internal exceptions (10 events):
Event: 8.382 Thread 0x00000000029a7000 Exception <a 'java/lang/ClassNotFoundException': org/springframework/core/env/EnvironmentCapableCustomizer> (0x00000000dadfc278) thrown at [C:\re\workspace\8-2-build-windows-amd64-cygwin\jdk8u131\8869\hotspot\src\share\vm\classfile\systemDictionary.cpp, l
Event: 8.382 Thread 0x00000000029a7000 Exception <a 'java/lang/ClassNotFoundException': org/springframework/web/context/ServletContextAwareCustomizer> (0x00000000dae1a540) thrown at [C:\re\workspace\8-2-build-windows-amd64-cygwin\jdk8u131\8869\hotspot\src\share\vm\classfile\systemDictionary.cp
Event: 8.382 Thread 0x00000000029a7000 Exception <a 'java/lang/ClassNotFoundException': org/springframework/beans/factory/AwareCustomizer> (0x00000000dae34018) thrown at [C:\re\workspace\8-2-build-windows-amd64-cygwin\jdk8u131\8869\hotspot\src\share\vm\classfile\systemDictionary.cpp, line 210]
Event: 8.383 Thread 0x00000000029a7000 Exception <a 'java/lang/ClassNotFoundException': org/springframework/beans/factory/InitializingBeanCustomizer> (0x00000000dae50940) thrown at [C:\re\workspace\8-2-build-windows-amd64-cygwin\jdk8u131\8869\hotspot\src\share\vm\classfile\systemDictionary.cpp
Event: 8.383 Thread 0x00000000029a7000 Exception <a 'java/lang/ClassNotFoundException': org/springframework/beans/factory/DisposableBeanCustomizer> (0x00000000dae6c658) thrown at [C:\re\workspace\8-2-build-windows-amd64-cygwin\jdk8u131\8869\hotspot\src\share\vm\classfile\systemDictionary.cpp, 
Event: 8.386 Thread 0x00000000029a7000 Exception <a 'java/lang/ClassNotFoundException': java/lang/ObjectCustomizer> (0x00000000daec5448) thrown at [C:\re\workspace\8-2-build-windows-amd64-cygwin\jdk8u131\8869\hotspot\src\share\vm\classfile\systemDictionary.cpp, line 210]
Event: 8.386 Thread 0x00000000029a7000 Exception <a 'java/lang/ClassNotFoundException': org/springframework/web/multipart/support/StandardServletMultipartResolverCustomizer> (0x00000000daeed598) thrown at [C:\re\workspace\8-2-build-windows-amd64-cygwin\jdk8u131\8869\hotspot\src\share\vm\classf
Event: 8.387 Thread 0x00000000029a7000 Exception <a 'java/lang/ClassNotFoundException': org/springframework/web/multipart/MultipartResolverCustomizer> (0x00000000daf0f360) thrown at [C:\re\workspace\8-2-build-windows-amd64-cygwin\jdk8u131\8869\hotspot\src\share\vm\classfile\systemDictionary.cp
Event: 8.433 Thread 0x00000000029a7000 Exception <a 'java/lang/ClassNotFoundException': java/lang/ObjectCustomizer> (0x00000000db2787a0) thrown at [C:\re\workspace\8-2-build-windows-amd64-cygwin\jdk8u131\8869\hotspot\src\share\vm\classfile\systemDictionary.cpp, line 210]
Event: 8.434 Thread 0x00000000029a7000 Exception <a 'java/lang/ClassNotFoundException': com/example/demo/DemoApplicationTestsCustomizer> (0x00000000db293938) thrown at [C:\re\workspace\8-2-build-windows-amd64-cygwin\jdk8u131\8869\hotspot\src\share\vm\classfile\systemDictionary.cpp, line 210]

Events (10 events):
Event: 8.451 loading class org/mockito/InOrder
Event: 8.451 loading class org/mockito/InOrder done
Event: 8.451 loading class org/mockito/Answers
Event: 8.451 loading class org/mockito/Answers done
Event: 8.451 loading class org/mockito/internal/stubbing/defaultanswers/GloballyConfiguredAnswer
Event: 8.451 loading class org/mockito/internal/stubbing/defaultanswers/GloballyConfiguredAnswer done
Event: 8.452 loading class org/mockito/internal/stubbing/defaultanswers/ReturnsSmartNulls
Event: 8.452 loading class org/mockito/internal/stubbing/defaultanswers/ReturnsSmartNulls done
Event: 8.452 loading class org/mockito/invocation/Location
Event: 8.452 loading class org/mockito/invocation/Location done


Dynamic libraries:
0x00007ff66bfe0000 - 0x00007ff66c017000 	C:\Program Files\Java\jdk1.8.0_131\bin\java.exe
0x00007ffeaddb0000 - 0x00007ffeadf9d000 	C:\Windows\SYSTEM32\ntdll.dll
0x00007ffead610000 - 0x00007ffead6c3000 	C:\Windows\System32\KERNEL32.DLL
0x00007ffeaa960000 - 0x00007ffeaabf3000 	C:\Windows\System32\KERNELBASE.dll
0x00007ffead1f0000 - 0x00007ffead293000 	C:\Windows\System32\ADVAPI32.dll
0x00007ffead2b0000 - 0x00007ffead34e000 	C:\Windows\System32\msvcrt.dll
0x00007ffeadb00000 - 0x00007ffeadb9e000 	C:\Windows\System32\sechost.dll
0x00007ffeadbd0000 - 0x00007ffeadcf2000 	C:\Windows\System32\RPCRT4.dll
0x00007ffeaafe0000 - 0x00007ffeab177000 	C:\Windows\System32\USER32.dll
0x00007ffeaac00000 - 0x00007ffeaac20000 	C:\Windows\System32\win32u.dll
0x00007ffead350000 - 0x00007ffead379000 	C:\Windows\System32\GDI32.dll
0x00007ffeaa620000 - 0x00007ffeaa7b9000 	C:\Windows\System32\gdi32full.dll
0x00007ffeaa7c0000 - 0x00007ffeaa860000 	C:\Windows\System32\msvcp_win.dll
0x00007ffeaa860000 - 0x00007ffeaa95a000 	C:\Windows\System32\ucrtbase.dll
0x00007ffe9d1e0000 - 0x00007ffe9d459000 	C:\Windows\WinSxS\amd64_microsoft.windows.common-controls_6595b64144ccf1df_6.0.17763.678_none_05b74150071d72bf\COMCTL32.dll
0x00007ffeac850000 - 0x00007ffeacb7c000 	C:\Windows\System32\combase.dll
0x00007ffeaae60000 - 0x00007ffeaaede000 	C:\Windows\System32\bcryptPrimitives.dll
0x00007ffeadba0000 - 0x00007ffeadbce000 	C:\Windows\System32\IMM32.DLL
0x000000005d7c0000 - 0x000000005d892000 	C:\Program Files\Java\jdk1.8.0_131\jre\bin\msvcr100.dll
0x000000005cf20000 - 0x000000005d7bc000 	C:\Program Files\Java\jdk1.8.0_131\jre\bin\server\jvm.dll
0x00007ffeab180000 - 0x00007ffeab188000 	C:\Windows\System32\PSAPI.DLL
0x00007ffea2e00000 - 0x00007ffea2e09000 	C:\Windows\SYSTEM32\WSOCK32.dll
0x00007ffeac6e0000 - 0x00007ffeac74d000 	C:\Windows\System32\WS2_32.dll
0x00007ffe9d4c0000 - 0x00007ffe9d4e4000 	C:\Windows\SYSTEM32\WINMM.dll
0x00007ffea6670000 - 0x00007ffea667a000 	C:\Windows\SYSTEM32\VERSION.dll
0x00007ffe9d490000 - 0x00007ffe9d4bd000 	C:\Windows\SYSTEM32\WINMMBASE.dll
0x00007ffeaaf90000 - 0x00007ffeaafda000 	C:\Windows\System32\cfgmgr32.dll
0x000000005cf10000 - 0x000000005cf1f000 	C:\Program Files\Java\jdk1.8.0_131\jre\bin\verify.dll
0x000000005cee0000 - 0x000000005cf09000 	C:\Program Files\Java\jdk1.8.0_131\jre\bin\java.dll
0x000000005cdd0000 - 0x000000005cdf3000 	C:\Program Files\Java\jdk1.8.0_131\jre\bin\instrument.dll
0x000000005ce90000 - 0x000000005cea6000 	C:\Program Files\Java\jdk1.8.0_131\jre\bin\zip.dll
0x00007ffeab1f0000 - 0x00007ffeac6e0000 	C:\Windows\System32\SHELL32.dll
0x00007ffead6d0000 - 0x00007ffead778000 	C:\Windows\System32\shcore.dll
0x00007ffea9eb0000 - 0x00007ffeaa5fa000 	C:\Windows\System32\windows.storage.dll
0x00007ffea9db0000 - 0x00007ffea9dd4000 	C:\Windows\System32\profapi.dll
0x00007ffea9de0000 - 0x00007ffea9e3d000 	C:\Windows\System32\powrprof.dll
0x00007ffeab190000 - 0x00007ffeab1e2000 	C:\Windows\System32\shlwapi.dll
0x00007ffea9e40000 - 0x00007ffea9e51000 	C:\Windows\System32\kernel.appcore.dll
0x00007ffeaa600000 - 0x00007ffeaa617000 	C:\Windows\System32\cryptsp.dll
0x00007ffe9e760000 - 0x00007ffe9e77a000 	E:\IntelliJ IDEA 2019.1.1\bin\breakgen64.dll
0x000000005ce70000 - 0x000000005ce8a000 	C:\Program Files\Java\jdk1.8.0_131\jre\bin\net.dll
0x00007ffea9620000 - 0x00007ffea9687000 	C:\Windows\system32\mswsock.dll
0x000000005ce40000 - 0x000000005ce51000 	C:\Program Files\Java\jdk1.8.0_131\jre\bin\nio.dll
0x000000005ce60000 - 0x000000005ce6d000 	C:\Program Files\Java\jdk1.8.0_131\jre\bin\management.dll
0x00007ffe96ac0000 - 0x00007ffe96ad6000 	C:\Windows\system32\napinsp.dll
0x00007ffe96220000 - 0x00007ffe9623a000 	C:\Windows\system32\pnrpnsp.dll
0x00007ffea9380000 - 0x00007ffea9446000 	C:\Windows\SYSTEM32\DNSAPI.dll
0x00007ffeacb80000 - 0x00007ffeacb88000 	C:\Windows\System32\NSI.dll
0x00007ffea9340000 - 0x00007ffea937d000 	C:\Windows\SYSTEM32\IPHLPAPI.DLL
0x00007ffe96ab0000 - 0x00007ffe96abe000 	C:\Windows\System32\winrnr.dll
0x00007ffea6350000 - 0x00007ffea636b000 	C:\Windows\system32\NLAapi.dll
0x00007ffe961d0000 - 0x00007ffe961e5000 	C:\Windows\system32\wshbth.dll
0x00007ffea4870000 - 0x00007ffea487a000 	C:\Windows\System32\rasadhlp.dll
0x00007ffea47c0000 - 0x00007ffea4839000 	C:\Windows\System32\fwpuclnt.dll
0x00007ffea9e80000 - 0x00007ffea9ea6000 	C:\Windows\System32\bcrypt.dll
0x00007ffea91a0000 - 0x00007ffea91d3000 	C:\Windows\system32\rsaenh.dll
0x00007ffea9ce0000 - 0x00007ffea9d08000 	C:\Windows\SYSTEM32\USERENV.dll
0x00007ffea97f0000 - 0x00007ffea97fc000 	C:\Windows\SYSTEM32\CRYPTBASE.dll
0x00007ffea5920000 - 0x00007ffea5936000 	C:\Windows\SYSTEM32\dhcpcsvc6.DLL
0x00007ffea58d0000 - 0x00007ffea58ec000 	C:\Windows\SYSTEM32\dhcpcsvc.DLL

VM Arguments:
jvm_args: -ea -Didea.test.cyclic.buffer.size=1048576 -javaagent:E:\IntelliJ IDEA 2019.1.1\lib\idea_rt.jar=55184:E:\IntelliJ IDEA 2019.1.1\bin -Dfile.encoding=UTF-8 
java_command: com.intellij.rt.execution.junit.JUnitStarter -ideVersion5 -junit4 @w@C:\Users\Administrator\AppData\Local\Temp\idea_working_dirs_junit.tmp @C:\Users\Administrator\AppData\Local\Temp\idea_junit.tmp
java_class_path (initial): E:\IntelliJ IDEA 2019.1.1\lib\idea_rt.jar;E:\IntelliJ IDEA 2019.1.1\plugins\junit\lib\junit-rt.jar;E:\IntelliJ IDEA 2019.1.1\plugins\junit\lib\junit5-rt.jar;C:\Program Files\Java\jdk1.8.0_131\jre\lib\charsets.jar;C:\Program Files\Java\jdk1.8.0_131\jre\lib\deploy.jar;C:\Program Files\Java\jdk1.8.0_131\jre\lib\ext\access-bridge-64.jar;C:\Program Files\Java\jdk1.8.0_131\jre\lib\ext\cldrdata.jar;C:\Program Files\Java\jdk1.8.0_131\jre\lib\ext\dnsns.jar;C:\Program Files\Java\jdk1.8.0_131\jre\lib\ext\jaccess.jar;C:\Program Files\Java\jdk1.8.0_131\jre\lib\ext\jfxrt.jar;C:\Program Files\Java\jdk1.8.0_131\jre\lib\ext\localedata.jar;C:\Program Files\Java\jdk1.8.0_131\jre\lib\ext\nashorn.jar;C:\Program Files\Java\jdk1.8.0_131\jre\lib\ext\sunec.jar;C:\Program Files\Java\jdk1.8.0_131\jre\lib\ext\sunjce_provider.jar;C:\Program Files\Java\jdk1.8.0_131\jre\lib\ext\sunmscapi.jar;C:\Program Files\Java\jdk1.8.0_131\jre\lib\ext\sunpkcs11.jar;C:\Program Files\Java\jdk1.8.0_131\jre\lib\ext\zipfs.jar;C:\Program Files\Java\jdk1.8.0_131\jre\lib\javaws.jar;C:\Program Files\Java\jdk1.8.0_131\jre\lib\jce.jar;C:\Program Files\Java\jdk1.8.0_131\jre\lib\jfr.jar;C:\Program Files\Java\jdk1.8.0_131\jre\lib\jfxswt.jar;C:\Program Files\Java\jdk1.8.0_131\jre\lib\jsse.jar;C:\Program Files\Java\jdk1.8.0_131\jre\lib\management-agent.jar;C:\Program Files\Java\jdk1.8.0_131\jre\lib\plugin.jar;C:\Program Files\Java\jdk1.8.0_131\jre\lib\resources.jar;C:\Program Files\Java\jdk1.8.0_131\jre\lib\rt.jar;D:\demo\target\test-classes;D:\demo\target\classes;C:\Users\Administrator\.m2\repository\org\springframework\boot\spring-boot-starter-web\2.1.7.RELEASE\spring-boot-starter-web-2.1.7.RELEASE.jar;C:\Users\Administrator\.m2\repository\org\springframework\boot\spring-boot-starter\2.1.7.RELEASE\spring-boot-starter-2.1.7.RELEASE.jar;C:\Users\Administrator\.m2\repository\org\springframework\boot\spring-boot\2.1.7.RELEASE\spring-boot-2.1.7.RELEASE.jar;C:\Users\Administrator\.m2\repository\org\sp
Launcher Type: SUN_STANDARD

Environment Variables:
JAVA_HOME=C:\Program Files (x86)\Java\jdk1.8.0_131
CLASSPATH=.;C:\Program Files (x86)\Java\jdk1.8.0_131\lib;C:\Program Files (x86)\Java\jdk1.8.0_131\lib\dt.jar;C:\Program Files (x86)\Java\jdk1.8.0_131\lib\tools.jar
PATH=E:\anaconda;E:\anaconda\Library\mingw-w64\bin;E:\anaconda\Library\usr\bin;E:\anaconda\Library\bin;E:\anaconda\Scripts;C:\Program Files (x86)\Common Files\Oracle\Java\javapath;C:\ProgramData\Oracle\Java\javapath;C:\Windows\system32;C:\Windows;C:\Windows\System32\Wbem;C:\Windows\System32\WindowsPowerShell\v1.0\;C:\Windows\System32\OpenSSH\;C:\Program Files (x86)\Java\jdk1.8.0_131\bin\;C:\Program Files (x86)\Java\jdk1.8.0_131;E:\svn\bin;E:\Git\cmd;C:\Program Files\nodejs\;E:\python\Scripts\;E:\python\;C:\Users\Administrator\AppData\Local\Microsoft\WindowsApps;C:\Users\Administrator\AppData\Roaming\npm;E:\PyCharm 2019.1.3\bin;;C:\Users\Administrator\AppData\Local\Programs\Microsoft VS Code\bin
USERNAME=Administrator
OS=Windows_NT
PROCESSOR_IDENTIFIER=Intel64 Family 6 Model 94 Stepping 3, GenuineIntel



---------------  S Y S T E M  ---------------

OS: Windows 10.0 , 64 bit Build 17763 (10.0.17763.475)

CPU:total 4 (initial active 4) (4 cores per cpu, 1 threads per core) family 6 model 94 stepping 3, cmov, cx8, fxsr, mmx, sse, sse2, sse3, ssse3, sse4.1, sse4.2, popcnt, avx, avx2, aes, clmul, erms, rtm, 3dnowpref, lzcnt, tsc, tscinvbit, bmi1, bmi2, adx

Memory: 4k page, physical 8304036k(574040k free), swap 21104032k(5372k free)

vm_info: Java HotSpot(TM) 64-Bit Server VM (25.131-b11) for windows-amd64 JRE (1.8.0_131-b11), built on Mar 15 2017 01:23:53 by "java_re" with MS VC++ 10.0 (VS2010)

time: Fri Sep 06 13:32:22 2019
elapsed time: 8 seconds (0d 0h 0m 8s)

